<?xml version="1.0" encoding="UTF-8"?>
<!-- Generated by org.testng.reporters.JUnitReportReporter -->
<testsuite skipped="0" hostname="Supermans-MacBook-Air.local" name="com.flipkart.tests.LoignTest" tests="5" failures="0" timestamp="2021-03-01T01:20:12 IST" time="39.272" errors="0">
  <testcase name="setup" time="11.206" classname="com.flipkart.tests.LoignTest"/>
  <system-out/>
  <testcase name="login" time="4.458" classname="com.flipkart.tests.LoignTest"/>
  <system-out/>
  <testcase name="search_Product" time="4.324" classname="com.flipkart.tests.LoignTest"/>
  <system-out/>
  <testcase name="add_product_cart" time="13.310" classname="com.flipkart.tests.LoignTest"/>
  <system-out/>
  <testcase name="logout" time="5.974" classname="com.flipkart.tests.LoignTest"/>
  <system-out/>
</testsuite> <!-- com.flipkart.tests.LoignTest -->
